mode: set
go-api/api/email-destinations.go:15.67,21.15 4 0
go-api/api/email-destinations.go:21.15,24.3 2 0
go-api/api/email-destinations.go:26.2,27.16 2 0
go-api/api/email-destinations.go:27.16,30.3 2 0
go-api/api/email-destinations.go:33.2,37.16 4 0
go-api/api/email-destinations.go:37.16,40.3 2 0
go-api/api/email-destinations.go:41.2,43.38 2 0
go-api/api/email-destinations.go:43.38,46.3 2 0
go-api/api/email-destinations.go:48.2,49.16 2 0
go-api/api/email-destinations.go:49.16,52.3 2 0
go-api/api/email-destinations.go:54.2,55.59 2 0
go-api/api/email-destinations.go:55.59,58.3 2 0
go-api/api/email-destinations.go:61.2,65.76 4 0
go-api/api/email-destinations.go:65.76,67.3 1 0
go-api/api/email-routes.go:15.56,21.15 4 0
go-api/api/email-routes.go:21.15,24.3 2 0
go-api/api/email-routes.go:26.2,27.16 2 0
go-api/api/email-routes.go:27.16,30.3 2 0
go-api/api/email-routes.go:33.2,41.16 7 0
go-api/api/email-routes.go:41.16,44.3 2 0
go-api/api/email-routes.go:45.2,47.38 2 0
go-api/api/email-routes.go:47.38,50.3 2 0
go-api/api/email-routes.go:52.2,53.16 2 0
go-api/api/email-routes.go:53.16,56.3 2 0
go-api/api/email-routes.go:58.2,59.59 2 0
go-api/api/email-routes.go:59.59,62.3 2 0
go-api/api/email-routes.go:65.2,69.65 4 0
go-api/api/email-routes.go:69.65,71.3 1 0
go-api/api/post-email-route.go:17.61,27.15 7 0
go-api/api/post-email-route.go:27.15,30.3 2 0
go-api/api/post-email-route.go:32.2,34.16 2 0
go-api/api/post-email-route.go:34.16,37.3 2 0
go-api/api/post-email-route.go:39.2,40.16 2 0
go-api/api/post-email-route.go:40.16,43.3 2 0
go-api/api/post-email-route.go:46.2,50.16 4 0
go-api/api/post-email-route.go:50.16,53.3 2 0
go-api/api/post-email-route.go:54.2,54.25 1 0
